c:\users\mario.capin\documents\visual studio 2017\projects\carnd-path-planning-project - with collision\debug\carnd-path-planning-project.lib
c:\users\mario.capin\documents\visual studio 2017\projects\carnd-path-planning-project - with collision\debug\carnd-path-planning-project.exp
c:\users\mario.capin\documents\visual studio 2017\projects\carnd-path-planning-project - with collision\carnd-path-planning-project\debug\vcpkg.applocal.log
c:\users\mario.capin\documents\visual studio 2017\projects\carnd-path-planning-project - with collision\debug\ssleay32.dll
c:\users\mario.capin\documents\visual studio 2017\projects\carnd-path-planning-project - with collision\debug\libeay32.dll
c:\users\mario.capin\documents\visual studio 2017\projects\carnd-path-planning-project - with collision\debug\libuv.dll
c:\users\mario.capin\documents\visual studio 2017\projects\carnd-path-planning-project - with collision\carnd-path-planning-project\debug\vc141.pdb
c:\users\mario.capin\documents\visual studio 2017\projects\carnd-path-planning-project - with collision\carnd-path-planning-project\debug\vc141.idb
c:\users\mario.capin\documents\visual studio 2017\projects\carnd-path-planning-project - with collision\carnd-path-planning-project\debug\highwaymap.obj
c:\users\mario.capin\documents\visual studio 2017\projects\carnd-path-planning-project - with collision\carnd-path-planning-project\debug\main.obj
c:\users\mario.capin\documents\visual studio 2017\projects\carnd-path-planning-project - with collision\carnd-path-planning-project\debug\extensions.obj
c:\users\mario.capin\documents\visual studio 2017\projects\carnd-path-planning-project - with collision\carnd-path-planning-project\debug\group.obj
c:\users\mario.capin\documents\visual studio 2017\projects\carnd-path-planning-project - with collision\carnd-path-planning-project\debug\httpsocket.obj
c:\users\mario.capin\documents\visual studio 2017\projects\carnd-path-planning-project - with collision\carnd-path-planning-project\debug\hub.obj
c:\users\mario.capin\documents\visual studio 2017\projects\carnd-path-planning-project - with collision\carnd-path-planning-project\debug\networking.obj
c:\users\mario.capin\documents\visual studio 2017\projects\carnd-path-planning-project - with collision\carnd-path-planning-project\debug\node.obj
c:\users\mario.capin\documents\visual studio 2017\projects\carnd-path-planning-project - with collision\carnd-path-planning-project\debug\socket.obj
c:\users\mario.capin\documents\visual studio 2017\projects\carnd-path-planning-project - with collision\carnd-path-planning-project\debug\uuv.obj
c:\users\mario.capin\documents\visual studio 2017\projects\carnd-path-planning-project - with collision\carnd-path-planning-project\debug\websocket.obj
c:\users\mario.capin\documents\visual studio 2017\projects\carnd-path-planning-project - with collision\carnd-path-planning-project\debug\websocketimpl.obj
c:\users\mario.capin\documents\visual studio 2017\projects\carnd-path-planning-project - with collision\carnd-path-planning-project\debug\vehicle.obj
c:\users\mario.capin\documents\visual studio 2017\projects\carnd-path-planning-project - with collision\carnd-path-planning-project\debug\lanechanging.obj
c:\users\mario.capin\documents\visual studio 2017\projects\carnd-path-planning-project - with collision\carnd-path-planning-project\debug\lanekeeping.obj
c:\users\mario.capin\documents\visual studio 2017\projects\carnd-path-planning-project - with collision\carnd-path-planning-project\debug\pathplanner.obj
c:\users\mario.capin\documents\visual studio 2017\projects\carnd-path-planning-project - with collision\carnd-path-planning-project\debug\sensorfusion.obj
c:\users\mario.capin\documents\visual studio 2017\projects\carnd-path-planning-project - with collision\carnd-path-planning-project\debug\trajectory.obj
c:\users\mario.capin\documents\visual studio 2017\projects\carnd-path-planning-project - with collision\carnd-path-planning-project\debug\trajectorypool.obj
c:\users\mario.capin\documents\visual studio 2017\projects\carnd-path-planning-project - with collision\carnd-path-planning-project\debug\waypoints.obj
c:\users\mario.capin\documents\visual studio 2017\projects\carnd-path-planning-project - with collision\debug\carnd-path-planning-project.ilk
c:\users\mario.capin\documents\visual studio 2017\projects\carnd-path-planning-project - with collision\debug\carnd-path-planning-project.exe
c:\users\mario.capin\documents\visual studio 2017\projects\carnd-path-planning-project - with collision\debug\carnd-path-planning-project.pdb
c:\users\mario.capin\documents\visual studio 2017\projects\carnd-path-planning-project\carnd-path-planning-project\debug\extensions.obj
c:\users\mario.capin\documents\visual studio 2017\projects\carnd-path-planning-project\carnd-path-planning-project\debug\group.obj
c:\users\mario.capin\documents\visual studio 2017\projects\carnd-path-planning-project\carnd-path-planning-project\debug\highwaymap.obj
c:\users\mario.capin\documents\visual studio 2017\projects\carnd-path-planning-project\carnd-path-planning-project\debug\httpsocket.obj
c:\users\mario.capin\documents\visual studio 2017\projects\carnd-path-planning-project\carnd-path-planning-project\debug\hub.obj
c:\users\mario.capin\documents\visual studio 2017\projects\carnd-path-planning-project\carnd-path-planning-project\debug\lanechanging.obj
c:\users\mario.capin\documents\visual studio 2017\projects\carnd-path-planning-project\carnd-path-planning-project\debug\lanekeeping.obj
c:\users\mario.capin\documents\visual studio 2017\projects\carnd-path-planning-project\carnd-path-planning-project\debug\main.obj
c:\users\mario.capin\documents\visual studio 2017\projects\carnd-path-planning-project\carnd-path-planning-project\debug\networking.obj
c:\users\mario.capin\documents\visual studio 2017\projects\carnd-path-planning-project\carnd-path-planning-project\debug\node.obj
c:\users\mario.capin\documents\visual studio 2017\projects\carnd-path-planning-project\carnd-path-planning-project\debug\pathplanner.obj
c:\users\mario.capin\documents\visual studio 2017\projects\carnd-path-planning-project\carnd-path-planning-project\debug\sensorfusion.obj
c:\users\mario.capin\documents\visual studio 2017\projects\carnd-path-planning-project\carnd-path-planning-project\debug\socket.obj
c:\users\mario.capin\documents\visual studio 2017\projects\carnd-path-planning-project\carnd-path-planning-project\debug\trajectory.obj
c:\users\mario.capin\documents\visual studio 2017\projects\carnd-path-planning-project\carnd-path-planning-project\debug\trajectorypool.obj
c:\users\mario.capin\documents\visual studio 2017\projects\carnd-path-planning-project\carnd-path-planning-project\debug\uuv.obj
c:\users\mario.capin\documents\visual studio 2017\projects\carnd-path-planning-project\carnd-path-planning-project\debug\vehicle.obj
c:\users\mario.capin\documents\visual studio 2017\projects\carnd-path-planning-project\carnd-path-planning-project\debug\waypoints.obj
c:\users\mario.capin\documents\visual studio 2017\projects\carnd-path-planning-project\carnd-path-planning-project\debug\websocket.obj
c:\users\mario.capin\documents\visual studio 2017\projects\carnd-path-planning-project\carnd-path-planning-project\debug\websocketimpl.obj
c:\users\mario.capin\documents\visual studio 2017\projects\carnd-path-planning-project\carnd-path-planning-project\debug\vc141.idb
c:\users\mario.capin\documents\visual studio 2017\projects\carnd-path-planning-project\carnd-path-planning-project\debug\vc141.pdb
c:\users\mario.capin\documents\visual studio 2017\projects\carnd-path-planning-project\debug\carnd-path-planning-project.pdb
c:\users\mario.capin\documents\visual studio 2017\projects\carnd-path-planning-project\debug\carnd-path-planning-project.exe
c:\users\mario.capin\documents\visual studio 2017\projects\carnd-path-planning-project\debug\carnd-path-planning-project.ilk
c:\users\mario.capin\documents\visual studio 2017\projects\carnd-path-planning-project\carnd-path-planning-project\debug\carnd-pa.faaa7a5a.tlog\carnd-path-planning-project.write.1u.tlog
c:\users\mario.capin\documents\visual studio 2017\projects\carnd-path-planning-project\carnd-path-planning-project\debug\carnd-pa.faaa7a5a.tlog\cl.command.1.tlog
c:\users\mario.capin\documents\visual studio 2017\projects\carnd-path-planning-project\carnd-path-planning-project\debug\carnd-pa.faaa7a5a.tlog\cl.read.1.tlog
c:\users\mario.capin\documents\visual studio 2017\projects\carnd-path-planning-project\carnd-path-planning-project\debug\carnd-pa.faaa7a5a.tlog\cl.write.1.tlog
c:\users\mario.capin\documents\visual studio 2017\projects\carnd-path-planning-project\carnd-path-planning-project\debug\carnd-pa.faaa7a5a.tlog\link.command.1.tlog
c:\users\mario.capin\documents\visual studio 2017\projects\carnd-path-planning-project\carnd-path-planning-project\debug\carnd-pa.faaa7a5a.tlog\link.read.1.tlog
c:\users\mario.capin\documents\visual studio 2017\projects\carnd-path-planning-project\carnd-path-planning-project\debug\carnd-pa.faaa7a5a.tlog\link.write.1.tlog
